Info: Start Nativelink Simulation process
executing command line: ip-make-simscript --nativelink-mode --output-directory=minA10_4ch_nogrouping_iputf_input --spd=/media/dewei_b1409/WorkDisk/WorkSpace/BelleII/MyCode/altera/Arria10/minA10_4ch_nogrouping/XCVR_Modules/xcvr_8B10B/xcvr_8B10B.spd 

========= EDA Simulation Settings =====================

Sim Mode              :  RTL
Family                :  arria10
Quartus root          :  /home/dewei_b1409/intelFPGA/18.0/quartus/linux64/
Quartus sim root      :  /home/dewei_b1409/intelFPGA/18.0/quartus/eda/sim_lib
Simulation Tool       :  modelsim-altera
Simulation Language   :  vhdl
Version               :  93
Simulation Mode       :  GUI
Sim Output File       :  
Sim SDF file          :  
Sim dir               :  simulation/modelsim

=======================================================

Info: Starting NativeLink simulation with ModelSim-Altera software
Sourced NativeLink script /home/dewei_b1409/intelFPGA/18.0/quartus/common/tcl/internal/nativelink/modelsim.tcl
Warning: File minA10_4ch_nogrouping_run_msim_rtl_vhdl.do already exists - backing up current file as minA10_4ch_nogrouping_run_msim_rtl_vhdl.do.bak3
Info: Spawning ModelSim-Altera Simulation software 
Info: NativeLink simulation flow was successful
